<?xml version="1.0" encoding="UTF-8"?>
<!-- Generated by org.testng.reporters.JUnitReportReporter -->
<testsuite hostname="Laptop-OBS-122" failures="0" tests="1" name="com.crm.qa.testcases.LoginPageTest" time="16.767" errors="0" timestamp="2021-10-28T14:07:32 IST" skipped="0">
  <testcase classname="com.crm.qa.testcases.LoginPageTest" name="loginTest" time="16.767"/>
  <system-out/>
</testsuite> <!-- com.crm.qa.testcases.LoginPageTest -->
