<?xml version="1.0" encoding="UTF-8"?>
<!-- Generated by org.testng.reporters.JUnitReportReporter -->
<testsuite hostname="Laptop-OBS-122" failures="0" tests="5" name="com.crm.qa.testcases.ContactsPageTest" time="147.440" errors="0" timestamp="2021-10-28T14:07:32 IST" skipped="0">
  <testcase classname="com.crm.qa.testcases.ContactsPageTest" name="verifyContactsTextTest" time="30.884"/>
  <system-out/>
  <testcase classname="com.crm.qa.testcases.ContactsPageTest" name="createContactTest" time="34.638"/>
  <system-out/>
  <testcase classname="com.crm.qa.testcases.ContactsPageTest" name="createContactTest" time="33.921"/>
  <system-out/>
  <testcase classname="com.crm.qa.testcases.ContactsPageTest" name="createContactTest" time="17.387"/>
  <system-out/>
  <testcase classname="com.crm.qa.testcases.ContactsPageTest" name="createContactTest" time="30.610"/>
  <system-out/>
</testsuite> <!-- com.crm.qa.testcases.ContactsPageTest -->
